📡 FXGRIT Auto Signal Generator Started...

✅ New signal generated: BTCUSD (SELL)
✅ New signal generated: BTCUSD (SELL)
✅ New signal generated: GOLD (BUY)
✅ New signal generated: EURUSD (BUY)
✅ New signal generated: BTCUSD (SELL)
✅ New signal generated: GOLD (BUY)
✅ New signal generated: GOLD (BUY)
✅ New signal generated: GBPUSD (SELL)
✅ New signal generated: GOLD (SELL)
✅ New signal generated: EURUSD (BUY)
✅ New signal generated: GBPUSD (SELL)
✅ New signal generated: GOLD (BUY)
✅ New signal generated: GOLD (SELL)
✅ New signal generated: GOLD (SELL)
✅ New signal generated: GOLD (SELL)
✅ New signal generated: GBPUSD (BUY)
✅ New signal generated: EURUSD (SELL)
✅ New signal generated: GBPUSD (SELL)
✅ New signal generated: GOLD (BUY)
✅ New signal generated: BTCUSD (BUY)
✅ New signal generated: BTCUSD (SELL)
✅ New signal generated: GBPUSD (SELL)
✅ New signal generated: BTCUSD (BUY)
✅ New signal generated: BTCUSD (SELL)
✅ New signal generated: EURUSD (BUY)
✅ New signal generated: EURUSD (BUY)
✅ New signal generated: BTCUSD (BUY)
✅ New signal generated: GOLD (SELL)
✅ New signal generated: EURUSD (BUY)
✅ New signal generated: BTCUSD (SELL)
✅ New signal generated: EURUSD (BUY)
✅ New signal generated: EURUSD (SELL)
✅ New signal generated: BTCUSD (SELL)
✅ New signal generated: GBPUSD (BUY)
✅ New signal generated: BTCUSD (SELL)
✅ New signal generated: GBPUSD (SELL)
✅ New signal generated: BTCUSD (SELL)
✅ New signal generated: EURUSD (BUY)
✅ New signal generated: BTCUSD (BUY)
✅ New signal generated: GOLD (BUY)
✅ New signal generated: EURUSD (SELL)
✅ New signal generated: GOLD (SELL)
✅ New signal generated: GOLD (BUY)
✅ New signal generated: EURUSD (SELL)
✅ New signal generated: GOLD (BUY)
✅ New signal generated: EURUSD (BUY)
✅ New signal generated: GBPUSD (BUY)
✅ New signal generated: EURUSD (SELL)
✅ New signal generated: EURUSD (SELL)
✅ New signal generated: BTCUSD (BUY)
✅ New signal generated: BTCUSD (BUY)
✅ New signal generated: EURUSD (SELL)
✅ New signal generated: BTCUSD (SELL)
✅ New signal generated: GOLD (BUY)
✅ New signal generated: GBPUSD (SELL)
✅ New signal generated: BTCUSD (SELL)
✅ New signal generated: BTCUSD (SELL)
✅ New signal generated: GBPUSD (SELL)
✅ New signal generated: GOLD (BUY)
✅ New signal generated: GBPUSD (BUY)
✅ New signal generated: GBPUSD (SELL)
✅ New signal generated: BTCUSD (BUY)
✅ New signal generated: GOLD (SELL)
✅ New signal generated: GOLD (BUY)
✅ New signal generated: GBPUSD (BUY)
✅ New signal generated: EURUSD (BUY)
✅ New signal generated: GBPUSD (BUY)
✅ New signal generated: GBPUSD (SELL)
✅ New signal generated: GBPUSD (SELL)
✅ New signal generated: GBPUSD (SELL)
✅ New signal generated: GOLD (SELL)
✅ New signal generated: GBPUSD (BUY)
✅ New signal generated: EURUSD (BUY)
✅ New signal generated: EURUSD (SELL)
✅ New signal generated: EURUSD (SELL)
✅ New signal generated: GOLD (BUY)
✅ New signal generated: EURUSD (SELL)
✅ New signal generated: EURUSD (SELL)
✅ New signal generated: BTCUSD (SELL)
✅ New signal generated: EURUSD (BUY)
✅ New signal generated: GBPUSD (SELL)
✅ New signal generated: BTCUSD (BUY)
✅ New signal generated: EURUSD (SELL)
✅ New signal generated: GBPUSD (SELL)
✅ New signal generated: BTCUSD (BUY)
✅ New signal generated: GOLD (BUY)
✅ New signal generated: GBPUSD (BUY)
✅ New signal generated: GBPUSD (SELL)
✅ New signal generated: GBPUSD (BUY)
✅ New signal generated: EURUSD (BUY)
✅ New signal generated: GOLD (SELL)
✅ New signal generated: GOLD (BUY)
✅ New signal generated: EURUSD (BUY)
✅ New signal generated: EURUSD (BUY)
✅ New signal generated: EURUSD (BUY)
✅ New signal generated: GOLD (SELL)
✅ New signal generated: EURUSD (BUY)
✅ New signal generated: EURUSD (BUY)
✅ New signal generated: GOLD (SELL)
✅ New signal generated: EURUSD (BUY)
✅ New signal generated: GOLD (BUY)
✅ New signal generated: GBPUSD (SELL)
✅ New signal generated: GOLD (BUY)
✅ New signal generated: EURUSD (BUY)
✅ New signal generated: GBPUSD (SELL)
✅ New signal generated: BTCUSD (SELL)
✅ New signal generated: EURUSD (BUY)
✅ New signal generated: EURUSD (SELL)
✅ New signal generated: BTCUSD (SELL)
✅ New signal generated: EURUSD (BUY)
✅ New signal generated: EURUSD (BUY)
✅ New signal generated: EURUSD (BUY)
✅ New signal generated: BTCUSD (SELL)
✅ New signal generated: BTCUSD (SELL)
✅ New signal generated: GOLD (BUY)
✅ New signal generated: GBPUSD (BUY)
✅ New signal generated: EURUSD (SELL)
✅ New signal generated: BTCUSD (BUY)
✅ New signal generated: GOLD (SELL)
✅ New signal generated: BTCUSD (BUY)
✅ New signal generated: EURUSD (SELL)
✅ New signal generated: BTCUSD (BUY)
✅ New signal generated: BTCUSD (SELL)
✅ New signal generated: GBPUSD (BUY)
✅ New signal generated: GOLD (SELL)
✅ New signal generated: BTCUSD (BUY)
✅ New signal generated: GBPUSD (SELL)
✅ New signal generated: GOLD (SELL)
✅ New signal generated: GBPUSD (SELL)
✅ New signal generated: BTCUSD (SELL)
✅ New signal generated: GOLD (SELL)
✅ New signal generated: GOLD (BUY)
✅ New signal generated: GOLD (SELL)
✅ New signal generated: BTCUSD (BUY)
✅ New signal generated: BTCUSD (SELL)
✅ New signal generated: GOLD (SELL)
✅ New signal generated: GBPUSD (BUY)
✅ New signal generated: BTCUSD (SELL)
✅ New signal generated: GBPUSD (SELL)
✅ New signal generated: GOLD (BUY)
✅ New signal generated: BTCUSD (SELL)
✅ New signal generated: BTCUSD (BUY)
✅ New signal generated: EURUSD (SELL)
✅ New signal generated: EURUSD (SELL)
✅ New signal generated: GBPUSD (BUY)
✅ New signal generated: BTCUSD (BUY)
✅ New signal generated: BTCUSD (BUY)
✅ New signal generated: GBPUSD (SELL)
✅ New signal generated: GBPUSD (BUY)
✅ New signal generated: GBPUSD (SELL)
✅ New signal generated: GOLD (SELL)
✅ New signal generated: GOLD (BUY)
✅ New signal generated: GOLD (BUY)
✅ New signal generated: EURUSD (SELL)
✅ New signal generated: EURUSD (SELL)
✅ New signal generated: BTCUSD (SELL)
✅ New signal generated: GBPUSD (BUY)
✅ New signal generated: GBPUSD (BUY)
✅ New signal generated: GBPUSD (SELL)
✅ New signal generated: BTCUSD (SELL)
✅ New signal generated: GBPUSD (SELL)
✅ New signal generated: GBPUSD (BUY)
✅ New signal generated: GBPUSD (SELL)
✅ New signal generated: BTCUSD (SELL)
✅ New signal generated: GBPUSD (BUY)
✅ New signal generated: BTCUSD (BUY)
✅ New signal generated: BTCUSD (BUY)
✅ New signal generated: GBPUSD (SELL)
✅ New signal generated: GBPUSD (SELL)
✅ New signal generated: BTCUSD (SELL)
✅ New signal generated: BTCUSD (SELL)
✅ New signal generated: BTCUSD (BUY)
✅ New signal generated: BTCUSD (BUY)
✅ New signal generated: BTCUSD (BUY)
✅ New signal generated: GOLD (BUY)
✅ New signal generated: EURUSD (SELL)
✅ New signal generated: GBPUSD (SELL)
✅ New signal generated: BTCUSD (SELL)
✅ New signal generated: GOLD (SELL)
✅ New signal generated: GOLD (SELL)
✅ New signal generated: BTCUSD (BUY)
✅ New signal generated: BTCUSD (BUY)
✅ New signal generated: GOLD (BUY)
✅ New signal generated: BTCUSD (SELL)
✅ New signal generated: GBPUSD (SELL)
✅ New signal generated: EURUSD (SELL)
✅ New signal generated: GBPUSD (BUY)
✅ New signal generated: EURUSD (SELL)
✅ New signal generated: EURUSD (BUY)
✅ New signal generated: GOLD (BUY)
✅ New signal generated: BTCUSD (SELL)
✅ New signal generated: BTCUSD (SELL)
✅ New signal generated: GOLD (BUY)
✅ New signal generated: GBPUSD (BUY)
✅ New signal generated: EURUSD (SELL)
✅ New signal generated: GBPUSD (BUY)
✅ New signal generated: EURUSD (BUY)
✅ New signal generated: GBPUSD (SELL)
✅ New signal generated: EURUSD (BUY)
✅ New signal generated: BTCUSD (SELL)
✅ New signal generated: EURUSD (BUY)
✅ New signal generated: BTCUSD (SELL)
✅ New signal generated: BTCUSD (SELL)
✅ New signal generated: GOLD (BUY)
✅ New signal generated: GBPUSD (SELL)
✅ New signal generated: BTCUSD (BUY)
✅ New signal generated: GOLD (SELL)
✅ New signal generated: EURUSD (BUY)
✅ New signal generated: EURUSD (BUY)